{
  "RSpec": {
    "coverage": {
      "/Users/thomasmuntaner/Projects/Websites/cavy/spec/integration/admin_spec.rb": [
        1,
        null,
        1,
        1,
        null,
        1,
        1,
        1,
        null,
        null,
        1,
        1,
        1,
        1,
        null,
        null,
        1,
        1,
        1,
        1,
        null,
        null,
        null,
        null
      ],
      "/Users/thomasmuntaner/Projects/Websites/cavy/spec/integration/pages_spec.rb": [
        1,
        null,
        1,
        1,
        1,
        5,
        null,
        null,
        1,
        5,
        null,
        null,
        1,
        1,
        1,
        null,
        null,
        1,
        1,
        1,
        1,
        1,
        1,
        null,
        null,
        1,
        1,
        1,
        1,
        null,
        null,
        1,
        1,
        1,
        null,
        null,
        1,
        1,
        1,
        1,
        null,
        null,
        null,
        null
      ],
      "/Users/thomasmuntaner/Projects/Websites/cavy/spec/models/cavy/page_spec.rb": [
        1,
        null,
        1,
        1,
        null,
        1,
        1,
        1,
        1,
        1,
        null,
        null,
        1,
        1,
        1,
        1,
        null,
        null,
        1,
        1,
        1,
        null,
        null,
        1,
        1,
        1,
        1,
        1,
        null,
        null,
        1,
        1,
        1,
        1,
        1,
        null,
        null,
        1,
        1,
        1,
        1,
        1,
        null,
        null,
        null,
        null
      ],
      "/Users/thomasmuntaner/Projects/Websites/cavy/app/models/cavy/page.rb": [
        1,
        1,
        null,
        1,
        null,
        null
      ],
      "/Users/thomasmuntaner/Projects/Websites/cavy/app/controllers/cavy/admin_controller.rb": [
        1,
        null,
        1,
        1,
        null,
        1,
        null,
        1,
        null,
        null,
        1,
        null,
        null,
        1,
        null,
        null,
        1,
        3,
        null,
        null,
        1,
        2,
        null,
        null,
        1,
        null,
        null,
        null,
        1,
        2,
        null,
        2,
        1,
        null,
        1,
        null,
        null,
        null,
        1,
        null,
        null,
        null,
        1,
        null,
        1,
        2,
        null,
        null,
        null,
        null
      ],
      "/Users/thomasmuntaner/Projects/Websites/cavy/app/controllers/cavy/application_controller.rb": [
        1,
        1,
        null,
        1,
        null,
        1,
        null,
        1,
        0,
        null,
        null,
        null
      ],
      "/Users/thomasmuntaner/Projects/Websites/cavy/app/helpers/cavy/application_helper.rb": [
        1,
        1,
        null,
        null
      ],
      "/Users/thomasmuntaner/Projects/Websites/cavy/app/helpers/cavy/pages_helper.rb": [
        1,
        1,
        null,
        1,
        9,
        7,
        null,
        2,
        null,
        null,
        null,
        null,
        null
      ],
      "/Users/thomasmuntaner/Projects/Websites/cavy/app/controllers/cavy/pages_controller.rb": [
        1,
        null,
        1,
        1,
        null,
        1,
        null,
        1,
        7,
        null,
        null,
        1,
        0,
        0,
        null,
        null,
        1,
        null,
        1,
        0,
        null,
        null,
        1,
        7,
        null,
        null,
        1,
        1,
        null,
        null,
        null,
        null
      ]
    },
    "timestamp": 1364257166
  }
}
